Started GET "/" for 127.0.0.1 at 2024-08-27 10:23:35 -0300
  
ActiveRecord::NoDatabaseError (We could not find your database: ttrpgm_development. Available database configurations can be found in config/database.yml.

To resolve this error:

- Did you not create the database, or did you delete it? To create the database, run:

    bin/rails db:create

- Has the database name changed? Verify that config/database.yml contains the correct database name.
):

Causes:
PG::ConnectionBad (connection to server on socket "/var/run/postgresql/.s.PGSQL.5432" failed: FATAL:  database "ttrpgm_development" does not exist
)
  
activerecord (7.2.0) lib/active_record/connection_adapters/postgresql_adapter.rb:63:in `rescue in new_client'
activerecord (7.2.0) lib/active_record/connection_adapters/postgresql_adapter.rb:57:in `new_client'
activerecord (7.2.0) lib/active_record/connection_adapters/postgresql_adapter.rb:982:in `connect'
activerecord (7.2.0) lib/active_record/connection_adapters/postgresql_adapter.rb:994:in `reconnect'
activerecord (7.2.0) lib/active_record/connection_adapters/abstract_adapter.rb:662:in `block in reconnect!'
activesupport (7.2.0) lib/active_support/concurrency/null_lock.rb:9:in `synchronize'
activerecord (7.2.0) lib/active_record/connection_adapters/abstract_adapter.rb:661:in `reconnect!'
activerecord (7.2.0) lib/active_record/connection_adapters/abstract_adapter.rb:763:in `block in verify!'
activesupport (7.2.0) lib/active_support/concurrency/null_lock.rb:9:in `synchronize'
activerecord (7.2.0) lib/active_record/connection_adapters/abstract_adapter.rb:754:in `verify!'
activerecord (7.2.0) lib/active_record/connection_adapters/abstract_adapter.rb:771:in `connect!'
activerecord (7.2.0) lib/active_record/connection_adapters/abstract_adapter.rb:977:in `block in with_raw_connection'
activesupport (7.2.0) lib/active_support/concurrency/null_lock.rb:9:in `synchronize'
activerecord (7.2.0) lib/active_record/connection_adapters/abstract_adapter.rb:976:in `with_raw_connection'
activerecord (7.2.0) lib/active_record/connection_adapters/postgresql/quoting.rb:128:in `quote_string'
activerecord (7.2.0) lib/active_record/connection_adapters/abstract/quoting.rb:76:in `quote'
activerecord (7.2.0) lib/active_record/connection_adapters/postgresql/quoting.rb:122:in `quote'
activerecord (7.2.0) lib/active_record/connection_adapters/postgresql/schema_statements.rb:1097:in `quoted_scope'
activerecord (7.2.0) lib/active_record/connection_adapters/postgresql/schema_statements.rb:1074:in `data_source_sql'
activerecord (7.2.0) lib/active_record/connection_adapters/abstract/schema_statements.rb:60:in `table_exists?'
activerecord (7.2.0) lib/active_record/schema_migration.rb:54:in `block in create_table'
activerecord (7.2.0) lib/active_record/connection_adapters/abstract/connection_pool.rb:413:in `with_connection'
activerecord (7.2.0) lib/active_record/schema_migration.rb:53:in `create_table'
activerecord (7.2.0) lib/active_record/migration.rb:1434:in `initialize'
activerecord (7.2.0) lib/active_record/migration.rb:1282:in `new'
activerecord (7.2.0) lib/active_record/migration.rb:1282:in `open'
activerecord (7.2.0) lib/active_record/migration.rb:776:in `block (2 levels) in pending_migrations'
activerecord (7.2.0) lib/active_record/migration/pending_migration_connection.rb:8:in `with_temporary_pool'
activerecord (7.2.0) lib/active_record/migration.rb:775:in `block in pending_migrations'
activerecord (7.2.0) lib/active_record/migration.rb:774:in `each'
activerecord (7.2.0) lib/active_record/migration.rb:774:in `pending_migrations'
activerecord (7.2.0) lib/active_record/migration.rb:753:in `check_pending_migrations'
activerecord (7.2.0) lib/active_record/migration.rb:663:in `block (2 levels) in call'
activesupport (7.2.0) lib/active_support/file_update_checker.rb:85:in `execute'
activerecord (7.2.0) lib/active_record/migration.rb:668:in `block in call'
activerecord (7.2.0) lib/active_record/migration.rb:660:in `synchronize'
activerecord (7.2.0) lib/active_record/migration.rb:660:in `call'
actionpack (7.2.0) lib/action_dispatch/middleware/callbacks.rb:31:in `block in call'
activesupport (7.2.0) lib/active_support/callbacks.rb:101:in `run_callbacks'
actionpack (7.2.0) lib/action_dispatch/middleware/callbacks.rb:30:in `call'
actionpack (7.2.0) lib/action_dispatch/middleware/executor.rb:16:in `call'
actionpack (7.2.0) lib/action_dispatch/middleware/actionable_exceptions.rb:18:in `call'
actionpack (7.2.0) lib/action_dispatch/middleware/debug_exceptions.rb:31:in `call'
web-console (4.2.1) lib/web_console/middleware.rb:132:in `call_app'
web-console (4.2.1) lib/web_console/middleware.rb:28:in `block in call'
web-console (4.2.1) lib/web_console/middleware.rb:17:in `catch'
web-console (4.2.1) lib/web_console/middleware.rb:17:in `call'
actionpack (7.2.0) lib/action_dispatch/middleware/show_exceptions.rb:32:in `call'
railties (7.2.0) lib/rails/rack/logger.rb:41:in `call_app'
railties (7.2.0) lib/rails/rack/logger.rb:29:in `call'
ahoy_matey (5.1.0) lib/ahoy/engine.rb:22:in `call_with_quiet_ahoy'
sprockets-rails (3.5.2) lib/sprockets/rails/quiet_assets.rb:17:in `call'
actionpack (7.2.0) lib/action_dispatch/middleware/remote_ip.rb:96:in `call'
request_store (1.7.0) lib/request_store/middleware.rb:19:in `call'
actionpack (7.2.0) lib/action_dispatch/middleware/request_id.rb:33:in `call'
rack (3.1.7) lib/rack/method_override.rb:28:in `call'
rack (3.1.7) lib/rack/runtime.rb:24:in `call'
activesupport (7.2.0) lib/active_support/cache/strategy/local_cache_middleware.rb:29:in `call'
actionpack (7.2.0) lib/action_dispatch/middleware/server_timing.rb:61:in `block in call'
actionpack (7.2.0) lib/action_dispatch/middleware/server_timing.rb:26:in `collect_events'
actionpack (7.2.0) lib/action_dispatch/middleware/server_timing.rb:60:in `call'
actionpack (7.2.0) lib/action_dispatch/middleware/executor.rb:16:in `call'
actionpack (7.2.0) lib/action_dispatch/middleware/static.rb:27:in `call'
rack (3.1.7) lib/rack/sendfile.rb:114:in `call'
actionpack (7.2.0) lib/action_dispatch/middleware/host_authorization.rb:143:in `call'
railties (7.2.0) lib/rails/engine.rb:535:in `call'
puma (6.4.2) lib/puma/configuration.rb:272:in `call'
puma (6.4.2) lib/puma/request.rb:100:in `block in handle_request'
puma (6.4.2) lib/puma/thread_pool.rb:378:in `with_force_shutdown'
puma (6.4.2) lib/puma/request.rb:99:in `handle_request'
puma (6.4.2) lib/puma/server.rb:464:in `process_client'
puma (6.4.2) lib/puma/server.rb:245:in `block in run'
puma (6.4.2) lib/puma/thread_pool.rb:155:in `block in spawn_thread'
Started GET "/favicon.ico" for 127.0.0.1 at 2024-08-27 10:23:36 -0300
  
ActiveRecord::NoDatabaseError (We could not find your database: ttrpgm_development. Available database configurations can be found in config/database.yml.

To resolve this error:

- Did you not create the database, or did you delete it? To create the database, run:

    bin/rails db:create

- Has the database name changed? Verify that config/database.yml contains the correct database name.
):

Causes:
PG::ConnectionBad (connection to server on socket "/var/run/postgresql/.s.PGSQL.5432" failed: FATAL:  database "ttrpgm_development" does not exist
)
  
activerecord (7.2.0) lib/active_record/connection_adapters/postgresql_adapter.rb:63:in `rescue in new_client'
activerecord (7.2.0) lib/active_record/connection_adapters/postgresql_adapter.rb:57:in `new_client'
activerecord (7.2.0) lib/active_record/connection_adapters/postgresql_adapter.rb:982:in `connect'
activerecord (7.2.0) lib/active_record/connection_adapters/postgresql_adapter.rb:994:in `reconnect'
activerecord (7.2.0) lib/active_record/connection_adapters/abstract_adapter.rb:662:in `block in reconnect!'
activesupport (7.2.0) lib/active_support/concurrency/null_lock.rb:9:in `synchronize'
activerecord (7.2.0) lib/active_record/connection_adapters/abstract_adapter.rb:661:in `reconnect!'
activerecord (7.2.0) lib/active_record/connection_adapters/abstract_adapter.rb:763:in `block in verify!'
activesupport (7.2.0) lib/active_support/concurrency/null_lock.rb:9:in `synchronize'
activerecord (7.2.0) lib/active_record/connection_adapters/abstract_adapter.rb:754:in `verify!'
activerecord (7.2.0) lib/active_record/connection_adapters/abstract_adapter.rb:771:in `connect!'
activerecord (7.2.0) lib/active_record/connection_adapters/abstract_adapter.rb:977:in `block in with_raw_connection'
activesupport (7.2.0) lib/active_support/concurrency/null_lock.rb:9:in `synchronize'
activerecord (7.2.0) lib/active_record/connection_adapters/abstract_adapter.rb:976:in `with_raw_connection'
activerecord (7.2.0) lib/active_record/connection_adapters/postgresql/quoting.rb:128:in `quote_string'
activerecord (7.2.0) lib/active_record/connection_adapters/abstract/quoting.rb:76:in `quote'
activerecord (7.2.0) lib/active_record/connection_adapters/postgresql/quoting.rb:122:in `quote'
activerecord (7.2.0) lib/active_record/connection_adapters/postgresql/schema_statements.rb:1097:in `quoted_scope'
activerecord (7.2.0) lib/active_record/connection_adapters/postgresql/schema_statements.rb:1074:in `data_source_sql'
activerecord (7.2.0) lib/active_record/connection_adapters/abstract/schema_statements.rb:60:in `table_exists?'
activerecord (7.2.0) lib/active_record/schema_migration.rb:54:in `block in create_table'
activerecord (7.2.0) lib/active_record/connection_adapters/abstract/connection_pool.rb:413:in `with_connection'
activerecord (7.2.0) lib/active_record/schema_migration.rb:53:in `create_table'
activerecord (7.2.0) lib/active_record/migration.rb:1434:in `initialize'
activerecord (7.2.0) lib/active_record/migration.rb:1282:in `new'
activerecord (7.2.0) lib/active_record/migration.rb:1282:in `open'
activerecord (7.2.0) lib/active_record/migration.rb:776:in `block (2 levels) in pending_migrations'
activerecord (7.2.0) lib/active_record/migration/pending_migration_connection.rb:8:in `with_temporary_pool'
activerecord (7.2.0) lib/active_record/migration.rb:775:in `block in pending_migrations'
activerecord (7.2.0) lib/active_record/migration.rb:774:in `each'
activerecord (7.2.0) lib/active_record/migration.rb:774:in `pending_migrations'
activerecord (7.2.0) lib/active_record/migration.rb:753:in `check_pending_migrations'
activerecord (7.2.0) lib/active_record/migration.rb:663:in `block (2 levels) in call'
activesupport (7.2.0) lib/active_support/file_update_checker.rb:85:in `execute'
activerecord (7.2.0) lib/active_record/migration.rb:668:in `block in call'
activerecord (7.2.0) lib/active_record/migration.rb:660:in `synchronize'
activerecord (7.2.0) lib/active_record/migration.rb:660:in `call'
actionpack (7.2.0) lib/action_dispatch/middleware/callbacks.rb:31:in `block in call'
activesupport (7.2.0) lib/active_support/callbacks.rb:101:in `run_callbacks'
actionpack (7.2.0) lib/action_dispatch/middleware/callbacks.rb:30:in `call'
actionpack (7.2.0) lib/action_dispatch/middleware/executor.rb:16:in `call'
actionpack (7.2.0) lib/action_dispatch/middleware/actionable_exceptions.rb:18:in `call'
actionpack (7.2.0) lib/action_dispatch/middleware/debug_exceptions.rb:31:in `call'
web-console (4.2.1) lib/web_console/middleware.rb:132:in `call_app'
web-console (4.2.1) lib/web_console/middleware.rb:28:in `block in call'
web-console (4.2.1) lib/web_console/middleware.rb:17:in `catch'
web-console (4.2.1) lib/web_console/middleware.rb:17:in `call'
actionpack (7.2.0) lib/action_dispatch/middleware/show_exceptions.rb:32:in `call'
railties (7.2.0) lib/rails/rack/logger.rb:41:in `call_app'
railties (7.2.0) lib/rails/rack/logger.rb:29:in `call'
ahoy_matey (5.1.0) lib/ahoy/engine.rb:22:in `call_with_quiet_ahoy'
sprockets-rails (3.5.2) lib/sprockets/rails/quiet_assets.rb:17:in `call'
actionpack (7.2.0) lib/action_dispatch/middleware/remote_ip.rb:96:in `call'
request_store (1.7.0) lib/request_store/middleware.rb:19:in `call'
actionpack (7.2.0) lib/action_dispatch/middleware/request_id.rb:33:in `call'
rack (3.1.7) lib/rack/method_override.rb:28:in `call'
rack (3.1.7) lib/rack/runtime.rb:24:in `call'
activesupport (7.2.0) lib/active_support/cache/strategy/local_cache_middleware.rb:29:in `call'
actionpack (7.2.0) lib/action_dispatch/middleware/server_timing.rb:61:in `block in call'
actionpack (7.2.0) lib/action_dispatch/middleware/server_timing.rb:26:in `collect_events'
actionpack (7.2.0) lib/action_dispatch/middleware/server_timing.rb:60:in `call'
actionpack (7.2.0) lib/action_dispatch/middleware/executor.rb:16:in `call'
actionpack (7.2.0) lib/action_dispatch/middleware/static.rb:27:in `call'
rack (3.1.7) lib/rack/sendfile.rb:114:in `call'
actionpack (7.2.0) lib/action_dispatch/middleware/host_authorization.rb:143:in `call'
railties (7.2.0) lib/rails/engine.rb:535:in `call'
puma (6.4.2) lib/puma/configuration.rb:272:in `call'
puma (6.4.2) lib/puma/request.rb:100:in `block in handle_request'
puma (6.4.2) lib/puma/thread_pool.rb:378:in `with_force_shutdown'
puma (6.4.2) lib/puma/request.rb:99:in `handle_request'
puma (6.4.2) lib/puma/server.rb:464:in `process_client'
puma (6.4.2) lib/puma/server.rb:245:in `block in run'
puma (6.4.2) lib/puma/thread_pool.rb:155:in `block in spawn_thread'
  [1m[35m (95.2ms)[0m  [1m[35mCREATE DATABASE "ttrpgm_development" ENCODING = 'unicode'[0m
  [1m[35m (69.9ms)[0m  [1m[35mCREATE DATABASE "ttrpgm_test" ENCODING = 'unicode'[0m
